[debug] [2023-11-01T14:59:26.759Z] ----------------------------------------------------------------------
[debug] [2023-11-01T14:59:26.763Z] Command:       C:\Program Files\nodejs\node.exe C:\Users\kgeorgal\AppData\Roaming\npm\node_modules\firebase-tools\lib\bin\firebase.js deploy --only hosting
[debug] [2023-11-01T14:59:26.764Z] CLI Version:   12.7.0
[debug] [2023-11-01T14:59:26.765Z] Platform:      win32
[debug] [2023-11-01T14:59:26.765Z] Node Version:  v16.17.0
[debug] [2023-11-01T14:59:26.768Z] Time:          Wed Nov 01 2023 15:59:26 GMT+0100 (Central European Standard Time)
[debug] [2023-11-01T14:59:26.768Z] ----------------------------------------------------------------------
[debug] 
[debug] [2023-11-01T14:59:26.776Z] >>> [apiv2][query] GET https://firebase-public.firebaseio.com/cli.json [none]
[debug] [2023-11-01T14:59:26.938Z] > command requires scopes: ["email","openid","https://www.googleapis.com/auth/cloudplatformprojects.readonly","https://www.googleapis.com/auth/firebase","https://www.googleapis.com/auth/cloud-platform"]
[debug] [2023-11-01T14:59:26.939Z] > authorizing via signed-in user (k.georgalas12@gmail.com)
[debug] [2023-11-01T14:59:26.940Z] [iam] checking project k2-s-lab for permissions ["firebase.projects.get","firebasehosting.sites.update"]
[debug] [2023-11-01T14:59:26.942Z] > refreshing access token with scopes: []
[debug] [2023-11-01T14:59:26.945Z] >>> [apiv2][query] POST https://www.googleapis.com/oauth2/v3/token [none]
[debug] [2023-11-01T14:59:26.945Z] >>> [apiv2][body] POST https://www.googleapis.com/oauth2/v3/token [omitted]
[debug] [2023-11-01T14:59:41.285Z] <<< [apiv2][status] POST https://www.googleapis.com/oauth2/v3/token 400
[debug] [2023-11-01T14:59:41.286Z] <<< [apiv2][body] POST https://www.googleapis.com/oauth2/v3/token [omitted]
[debug] [2023-11-01T14:59:41.286Z] >>> [apiv2][query] POST https://cloudresourcemanager.googleapis.com/v1/projects/k2-s-lab:testIamPermissions [none]
[debug] [2023-11-01T14:59:41.286Z] >>> [apiv2][(partial)header] POST https://cloudresourcemanager.googleapis.com/v1/projects/k2-s-lab:testIamPermissions x-goog-quota-user=projects/k2-s-lab
[debug] [2023-11-01T14:59:41.286Z] >>> [apiv2][body] POST https://cloudresourcemanager.googleapis.com/v1/projects/k2-s-lab:testIamPermissions {"permissions":["firebase.projects.get","firebasehosting.sites.update"]}
[debug] [2023-11-01T14:59:43.756Z] <<< [apiv2][status] GET https://firebase-public.firebaseio.com/cli.json 200
[debug] [2023-11-01T14:59:43.757Z] <<< [apiv2][body] GET https://firebase-public.firebaseio.com/cli.json {"cloudBuildErrorAfter":1594252800000,"cloudBuildWarnAfter":1590019200000,"defaultNode10After":1594252800000,"minVersion":"3.0.5","node8DeploysDisabledAfter":1613390400000,"node8RuntimeDisabledAfter":1615809600000,"node8WarnAfter":1600128000000}
[debug] [2023-11-01T14:59:51.362Z] <<< [apiv2][status] POST https://cloudresourcemanager.googleapis.com/v1/projects/k2-s-lab:testIamPermissions 401
[debug] [2023-11-01T14:59:51.362Z] <<< [apiv2][body] POST https://cloudresourcemanager.googleapis.com/v1/projects/k2-s-lab:testIamPermissions {"error":{"code":401,"message":"Request had invalid authentication credentials. Expected OAuth 2 access token, login cookie or other valid authentication credential. See https://developers.google.com/identity/sign-in/web/devconsole-project.","status":"UNAUTHENTICATED","details":[{"@type":"type.googleapis.com/google.rpc.ErrorInfo","reason":"ACCESS_TOKEN_TYPE_UNSUPPORTED","metadata":{"method":"google.cloudresourcemanager.v1.Projects.TestIamPermissions","service":"cloudresourcemanager.googleapis.com"}}]}}
[debug] [2023-11-01T14:59:51.364Z] [iam] error while checking permissions, command may fail: FirebaseError: HTTP Error: 401, Request had invalid authentication credentials. Expected OAuth 2 access token, login cookie or other valid authentication credential. See https://developers.google.com/identity/sign-in/web/devconsole-project.
[debug] [2023-11-01T14:59:51.365Z] > refreshing access token with scopes: []
[debug] [2023-11-01T14:59:51.366Z] >>> [apiv2][query] POST https://www.googleapis.com/oauth2/v3/token [none]
[debug] [2023-11-01T14:59:51.366Z] >>> [apiv2][body] POST https://www.googleapis.com/oauth2/v3/token [omitted]
[debug] [2023-11-01T14:59:56.729Z] <<< [apiv2][status] POST https://www.googleapis.com/oauth2/v3/token 400
[debug] [2023-11-01T14:59:56.729Z] <<< [apiv2][body] POST https://www.googleapis.com/oauth2/v3/token [omitted]
[debug] [2023-11-01T14:59:56.731Z] >>> [apiv2][query] GET https://firebase.googleapis.com/v1beta1/projects/k2-s-lab [none]
[debug] [2023-11-01T15:00:00.101Z] <<< [apiv2][status] GET https://firebase.googleapis.com/v1beta1/projects/k2-s-lab 401
[debug] [2023-11-01T15:00:00.101Z] <<< [apiv2][body] GET https://firebase.googleapis.com/v1beta1/projects/k2-s-lab {"error":{"code":401,"message":"Request had invalid authentication credentials. Expected OAuth 2 access token, login cookie or other valid authentication credential. See https://developers.google.com/identity/sign-in/web/devconsole-project.","status":"UNAUTHENTICATED"}}
[debug] [2023-11-01T15:00:00.102Z] HTTP Error: 401, Request had invalid authentication credentials. Expected OAuth 2 access token, login cookie or other valid authentication credential. See https://developers.google.com/identity/sign-in/web/devconsole-project.
[debug] [2023-11-01T15:00:05.124Z] Error: Timed out.
    at Timeout._onTimeout (C:\Users\kgeorgal\AppData\Roaming\npm\node_modules\firebase-tools\lib\utils.js:254:49)
    at listOnTimeout (node:internal/timers:559:17)
    at processTimers (node:internal/timers:502:7)
[error] 
[error] Error: An unexpected error has occurred.
[debug] [2023-11-06T08:54:44.154Z] ----------------------------------------------------------------------
[debug] [2023-11-06T08:54:44.156Z] Command:       C:\Program Files\nodejs\node.exe C:\Users\kgeorgal\AppData\Roaming\npm\node_modules\firebase-tools\lib\bin\firebase.js deploy --only hosting
[debug] [2023-11-06T08:54:44.157Z] CLI Version:   12.7.0
[debug] [2023-11-06T08:54:44.157Z] Platform:      win32
[debug] [2023-11-06T08:54:44.157Z] Node Version:  v16.17.0
[debug] [2023-11-06T08:54:44.160Z] Time:          Mon Nov 06 2023 09:54:44 GMT+0100 (Central European Standard Time)
[debug] [2023-11-06T08:54:44.160Z] ----------------------------------------------------------------------
[debug] 
[debug] [2023-11-06T08:54:44.164Z] >>> [apiv2][query] GET https://firebase-public.firebaseio.com/cli.json [none]
[debug] [2023-11-06T08:54:44.271Z] > command requires scopes: ["email","openid","https://www.googleapis.com/auth/cloudplatformprojects.readonly","https://www.googleapis.com/auth/firebase","https://www.googleapis.com/auth/cloud-platform"]
[debug] [2023-11-06T08:54:44.271Z] > authorizing via signed-in user (k.georgalas12@gmail.com)
[debug] [2023-11-06T08:54:44.272Z] [iam] checking project k2-s-lab for permissions ["firebase.projects.get","firebasehosting.sites.update"]
[debug] [2023-11-06T08:54:44.273Z] > refreshing access token with scopes: []
[debug] [2023-11-06T08:54:44.274Z] >>> [apiv2][query] POST https://www.googleapis.com/oauth2/v3/token [none]
[debug] [2023-11-06T08:54:44.274Z] >>> [apiv2][body] POST https://www.googleapis.com/oauth2/v3/token [omitted]
[debug] [2023-11-06T08:54:44.383Z] <<< [apiv2][status] POST https://www.googleapis.com/oauth2/v3/token 400
[debug] [2023-11-06T08:54:44.383Z] <<< [apiv2][body] POST https://www.googleapis.com/oauth2/v3/token [omitted]
[debug] [2023-11-06T08:54:44.383Z] >>> [apiv2][query] POST https://cloudresourcemanager.googleapis.com/v1/projects/k2-s-lab:testIamPermissions [none]
[debug] [2023-11-06T08:54:44.383Z] >>> [apiv2][(partial)header] POST https://cloudresourcemanager.googleapis.com/v1/projects/k2-s-lab:testIamPermissions x-goog-quota-user=projects/k2-s-lab
[debug] [2023-11-06T08:54:44.384Z] >>> [apiv2][body] POST https://cloudresourcemanager.googleapis.com/v1/projects/k2-s-lab:testIamPermissions {"permissions":["firebase.projects.get","firebasehosting.sites.update"]}
[debug] [2023-11-06T08:54:44.523Z] <<< [apiv2][status] GET https://firebase-public.firebaseio.com/cli.json 200
[debug] [2023-11-06T08:54:44.523Z] <<< [apiv2][body] GET https://firebase-public.firebaseio.com/cli.json {"cloudBuildErrorAfter":1594252800000,"cloudBuildWarnAfter":1590019200000,"defaultNode10After":1594252800000,"minVersion":"3.0.5","node8DeploysDisabledAfter":1613390400000,"node8RuntimeDisabledAfter":1615809600000,"node8WarnAfter":1600128000000}
[debug] [2023-11-06T08:54:45.047Z] <<< [apiv2][status] POST https://cloudresourcemanager.googleapis.com/v1/projects/k2-s-lab:testIamPermissions 401
[debug] [2023-11-06T08:54:45.047Z] <<< [apiv2][body] POST https://cloudresourcemanager.googleapis.com/v1/projects/k2-s-lab:testIamPermissions {"error":{"code":401,"message":"Request had invalid authentication credentials. Expected OAuth 2 access token, login cookie or other valid authentication credential. See https://developers.google.com/identity/sign-in/web/devconsole-project.","status":"UNAUTHENTICATED","details":[{"@type":"type.googleapis.com/google.rpc.ErrorInfo","reason":"ACCESS_TOKEN_TYPE_UNSUPPORTED","metadata":{"service":"cloudresourcemanager.googleapis.com","method":"google.cloudresourcemanager.v1.Projects.TestIamPermissions"}}]}}
[debug] [2023-11-06T08:54:45.049Z] [iam] error while checking permissions, command may fail: FirebaseError: HTTP Error: 401, Request had invalid authentication credentials. Expected OAuth 2 access token, login cookie or other valid authentication credential. See https://developers.google.com/identity/sign-in/web/devconsole-project.
[debug] [2023-11-06T08:54:45.049Z] > refreshing access token with scopes: []
[debug] [2023-11-06T08:54:45.050Z] >>> [apiv2][query] POST https://www.googleapis.com/oauth2/v3/token [none]
[debug] [2023-11-06T08:54:45.050Z] >>> [apiv2][body] POST https://www.googleapis.com/oauth2/v3/token [omitted]
[debug] [2023-11-06T08:54:45.106Z] <<< [apiv2][status] POST https://www.googleapis.com/oauth2/v3/token 400
[debug] [2023-11-06T08:54:45.106Z] <<< [apiv2][body] POST https://www.googleapis.com/oauth2/v3/token [omitted]
[debug] [2023-11-06T08:54:45.107Z] >>> [apiv2][query] GET https://firebase.googleapis.com/v1beta1/projects/k2-s-lab [none]
[debug] [2023-11-06T08:54:45.216Z] <<< [apiv2][status] GET https://firebase.googleapis.com/v1beta1/projects/k2-s-lab 401
[debug] [2023-11-06T08:54:45.216Z] <<< [apiv2][body] GET https://firebase.googleapis.com/v1beta1/projects/k2-s-lab {"error":{"code":401,"message":"Request had invalid authentication credentials. Expected OAuth 2 access token, login cookie or other valid authentication credential. See https://developers.google.com/identity/sign-in/web/devconsole-project.","status":"UNAUTHENTICATED"}}
[debug] [2023-11-06T08:54:45.217Z] HTTP Error: 401, Request had invalid authentication credentials. Expected OAuth 2 access token, login cookie or other valid authentication credential. See https://developers.google.com/identity/sign-in/web/devconsole-project.
[debug] [2023-11-06T08:54:45.293Z] FirebaseError: HTTP Error: 401, Request had invalid authentication credentials. Expected OAuth 2 access token, login cookie or other valid authentication credential. See https://developers.google.com/identity/sign-in/web/devconsole-project.
    at responseToError (C:\Users\kgeorgal\AppData\Roaming\npm\node_modules\firebase-tools\lib\responseToError.js:49:12)
    at RetryOperation._fn (C:\Users\kgeorgal\AppData\Roaming\npm\node_modules\firebase-tools\lib\apiv2.js:285:77)
    at processTicksAndRejections (node:internal/process/task_queues:96:5)
[error] 
[error] Error: Failed to get Firebase project k2-s-lab. Please make sure the project exists and your account has permission to access it.
[debug] [2023-11-06T09:03:04.543Z] ----------------------------------------------------------------------
[debug] [2023-11-06T09:03:04.545Z] Command:       C:\Program Files\nodejs\node.exe C:\Users\kgeorgal\AppData\Roaming\npm\node_modules\firebase-tools\lib\bin\firebase.js deploy --only hosting
[debug] [2023-11-06T09:03:04.546Z] CLI Version:   12.7.0
[debug] [2023-11-06T09:03:04.546Z] Platform:      win32
[debug] [2023-11-06T09:03:04.547Z] Node Version:  v16.17.0
[debug] [2023-11-06T09:03:04.548Z] Time:          Mon Nov 06 2023 10:03:04 GMT+0100 (Central European Standard Time)
[debug] [2023-11-06T09:03:04.548Z] ----------------------------------------------------------------------
[debug] 
[debug] [2023-11-06T09:03:04.615Z] > command requires scopes: ["email","openid","https://www.googleapis.com/auth/cloudplatformprojects.readonly","https://www.googleapis.com/auth/firebase","https://www.googleapis.com/auth/cloud-platform"]
[debug] [2023-11-06T09:03:04.615Z] > authorizing via signed-in user (k.georgalas12@gmail.com)
[debug] [2023-11-06T09:03:04.616Z] [iam] checking project k2-s-lab for permissions ["firebase.projects.get","firebasehosting.sites.update"]
[debug] [2023-11-06T09:03:04.617Z] > refreshing access token with scopes: []
[debug] [2023-11-06T09:03:04.619Z] >>> [apiv2][query] POST https://www.googleapis.com/oauth2/v3/token [none]
[debug] [2023-11-06T09:03:04.619Z] >>> [apiv2][body] POST https://www.googleapis.com/oauth2/v3/token [omitted]
[debug] [2023-11-06T09:03:04.782Z] <<< [apiv2][status] POST https://www.googleapis.com/oauth2/v3/token 400
[debug] [2023-11-06T09:03:04.783Z] <<< [apiv2][body] POST https://www.googleapis.com/oauth2/v3/token [omitted]
[debug] [2023-11-06T09:03:04.783Z] >>> [apiv2][query] POST https://cloudresourcemanager.googleapis.com/v1/projects/k2-s-lab:testIamPermissions [none]
[debug] [2023-11-06T09:03:04.783Z] >>> [apiv2][(partial)header] POST https://cloudresourcemanager.googleapis.com/v1/projects/k2-s-lab:testIamPermissions x-goog-quota-user=projects/k2-s-lab
[debug] [2023-11-06T09:03:04.783Z] >>> [apiv2][body] POST https://cloudresourcemanager.googleapis.com/v1/projects/k2-s-lab:testIamPermissions {"permissions":["firebase.projects.get","firebasehosting.sites.update"]}
[debug] [2023-11-06T09:03:05.486Z] <<< [apiv2][status] POST https://cloudresourcemanager.googleapis.com/v1/projects/k2-s-lab:testIamPermissions 401
[debug] [2023-11-06T09:03:05.486Z] <<< [apiv2][body] POST https://cloudresourcemanager.googleapis.com/v1/projects/k2-s-lab:testIamPermissions {"error":{"code":401,"message":"Request had invalid authentication credentials. Expected OAuth 2 access token, login cookie or other valid authentication credential. See https://developers.google.com/identity/sign-in/web/devconsole-project.","status":"UNAUTHENTICATED","details":[{"@type":"type.googleapis.com/google.rpc.ErrorInfo","reason":"ACCESS_TOKEN_TYPE_UNSUPPORTED","metadata":{"method":"google.cloudresourcemanager.v1.Projects.TestIamPermissions","service":"cloudresourcemanager.googleapis.com"}}]}}
[debug] [2023-11-06T09:03:05.487Z] [iam] error while checking permissions, command may fail: FirebaseError: HTTP Error: 401, Request had invalid authentication credentials. Expected OAuth 2 access token, login cookie or other valid authentication credential. See https://developers.google.com/identity/sign-in/web/devconsole-project.
[debug] [2023-11-06T09:03:05.488Z] > refreshing access token with scopes: []
[debug] [2023-11-06T09:03:05.489Z] >>> [apiv2][query] POST https://www.googleapis.com/oauth2/v3/token [none]
[debug] [2023-11-06T09:03:05.489Z] >>> [apiv2][body] POST https://www.googleapis.com/oauth2/v3/token [omitted]
[debug] [2023-11-06T09:03:05.555Z] <<< [apiv2][status] POST https://www.googleapis.com/oauth2/v3/token 400
[debug] [2023-11-06T09:03:05.555Z] <<< [apiv2][body] POST https://www.googleapis.com/oauth2/v3/token [omitted]
[debug] [2023-11-06T09:03:05.556Z] >>> [apiv2][query] GET https://firebase.googleapis.com/v1beta1/projects/k2-s-lab [none]
[debug] [2023-11-06T09:03:05.713Z] <<< [apiv2][status] GET https://firebase.googleapis.com/v1beta1/projects/k2-s-lab 401
[debug] [2023-11-06T09:03:05.713Z] <<< [apiv2][body] GET https://firebase.googleapis.com/v1beta1/projects/k2-s-lab {"error":{"code":401,"message":"Request had invalid authentication credentials. Expected OAuth 2 access token, login cookie or other valid authentication credential. See https://developers.google.com/identity/sign-in/web/devconsole-project.","status":"UNAUTHENTICATED"}}
[debug] [2023-11-06T09:03:05.714Z] HTTP Error: 401, Request had invalid authentication credentials. Expected OAuth 2 access token, login cookie or other valid authentication credential. See https://developers.google.com/identity/sign-in/web/devconsole-project.
[debug] [2023-11-06T09:03:05.798Z] FirebaseError: HTTP Error: 401, Request had invalid authentication credentials. Expected OAuth 2 access token, login cookie or other valid authentication credential. See https://developers.google.com/identity/sign-in/web/devconsole-project.
    at responseToError (C:\Users\kgeorgal\AppData\Roaming\npm\node_modules\firebase-tools\lib\responseToError.js:49:12)
    at RetryOperation._fn (C:\Users\kgeorgal\AppData\Roaming\npm\node_modules\firebase-tools\lib\apiv2.js:285:77)
    at processTicksAndRejections (node:internal/process/task_queues:96:5)
[error] 
[error] Error: Failed to get Firebase project k2-s-lab. Please make sure the project exists and your account has permission to access it.
[debug] [2023-11-06T09:10:18.005Z] ----------------------------------------------------------------------
[debug] [2023-11-06T09:10:18.007Z] Command:       C:\Program Files\nodejs\node.exe C:\Users\kgeorgal\AppData\Roaming\npm\node_modules\firebase-tools\lib\bin\firebase.js deploy --only hosting
[debug] [2023-11-06T09:10:18.008Z] CLI Version:   12.7.0
[debug] [2023-11-06T09:10:18.009Z] Platform:      win32
[debug] [2023-11-06T09:10:18.009Z] Node Version:  v16.17.0
[debug] [2023-11-06T09:10:18.011Z] Time:          Mon Nov 06 2023 10:10:18 GMT+0100 (Central European Standard Time)
[debug] [2023-11-06T09:10:18.011Z] ----------------------------------------------------------------------
[debug] 
[debug] [2023-11-06T09:10:18.100Z] > command requires scopes: ["email","openid","https://www.googleapis.com/auth/cloudplatformprojects.readonly","https://www.googleapis.com/auth/firebase","https://www.googleapis.com/auth/cloud-platform"]
[debug] [2023-11-06T09:10:18.101Z] > authorizing via signed-in user (k.georgalas12@gmail.com)
[debug] [2023-11-06T09:10:18.101Z] [iam] checking project k2-s-lab for permissions ["firebase.projects.get","firebasehosting.sites.update"]
[debug] [2023-11-06T09:10:18.102Z] > refreshing access token with scopes: []
[debug] [2023-11-06T09:10:18.104Z] >>> [apiv2][query] POST https://www.googleapis.com/oauth2/v3/token [none]
[debug] [2023-11-06T09:10:18.105Z] >>> [apiv2][body] POST https://www.googleapis.com/oauth2/v3/token [omitted]
[debug] [2023-11-06T09:10:18.201Z] <<< [apiv2][status] POST https://www.googleapis.com/oauth2/v3/token 400
[debug] [2023-11-06T09:10:18.202Z] <<< [apiv2][body] POST https://www.googleapis.com/oauth2/v3/token [omitted]
[debug] [2023-11-06T09:10:18.202Z] >>> [apiv2][query] POST https://cloudresourcemanager.googleapis.com/v1/projects/k2-s-lab:testIamPermissions [none]
[debug] [2023-11-06T09:10:18.202Z] >>> [apiv2][(partial)header] POST https://cloudresourcemanager.googleapis.com/v1/projects/k2-s-lab:testIamPermissions x-goog-quota-user=projects/k2-s-lab
[debug] [2023-11-06T09:10:18.202Z] >>> [apiv2][body] POST https://cloudresourcemanager.googleapis.com/v1/projects/k2-s-lab:testIamPermissions {"permissions":["firebase.projects.get","firebasehosting.sites.update"]}
[debug] [2023-11-06T09:10:18.432Z] <<< [apiv2][status] POST https://cloudresourcemanager.googleapis.com/v1/projects/k2-s-lab:testIamPermissions 401
[debug] [2023-11-06T09:10:18.432Z] <<< [apiv2][body] POST https://cloudresourcemanager.googleapis.com/v1/projects/k2-s-lab:testIamPermissions {"error":{"code":401,"message":"Request had invalid authentication credentials. Expected OAuth 2 access token, login cookie or other valid authentication credential. See https://developers.google.com/identity/sign-in/web/devconsole-project.","status":"UNAUTHENTICATED","details":[{"@type":"type.googleapis.com/google.rpc.ErrorInfo","reason":"ACCESS_TOKEN_TYPE_UNSUPPORTED","metadata":{"method":"google.cloudresourcemanager.v1.Projects.TestIamPermissions","service":"cloudresourcemanager.googleapis.com"}}]}}
[debug] [2023-11-06T09:10:18.433Z] [iam] error while checking permissions, command may fail: FirebaseError: HTTP Error: 401, Request had invalid authentication credentials. Expected OAuth 2 access token, login cookie or other valid authentication credential. See https://developers.google.com/identity/sign-in/web/devconsole-project.
[debug] [2023-11-06T09:10:18.433Z] > refreshing access token with scopes: []
[debug] [2023-11-06T09:10:18.433Z] >>> [apiv2][query] POST https://www.googleapis.com/oauth2/v3/token [none]
[debug] [2023-11-06T09:10:18.434Z] >>> [apiv2][body] POST https://www.googleapis.com/oauth2/v3/token [omitted]
[debug] [2023-11-06T09:10:18.508Z] <<< [apiv2][status] POST https://www.googleapis.com/oauth2/v3/token 400
[debug] [2023-11-06T09:10:18.508Z] <<< [apiv2][body] POST https://www.googleapis.com/oauth2/v3/token [omitted]
[debug] [2023-11-06T09:10:18.508Z] >>> [apiv2][query] GET https://firebase.googleapis.com/v1beta1/projects/k2-s-lab [none]
[debug] [2023-11-06T09:10:18.657Z] <<< [apiv2][status] GET https://firebase.googleapis.com/v1beta1/projects/k2-s-lab 401
[debug] [2023-11-06T09:10:18.658Z] <<< [apiv2][body] GET https://firebase.googleapis.com/v1beta1/projects/k2-s-lab {"error":{"code":401,"message":"Request had invalid authentication credentials. Expected OAuth 2 access token, login cookie or other valid authentication credential. See https://developers.google.com/identity/sign-in/web/devconsole-project.","status":"UNAUTHENTICATED"}}
[debug] [2023-11-06T09:10:18.658Z] HTTP Error: 401, Request had invalid authentication credentials. Expected OAuth 2 access token, login cookie or other valid authentication credential. See https://developers.google.com/identity/sign-in/web/devconsole-project.
[debug] [2023-11-06T09:10:18.703Z] FirebaseError: HTTP Error: 401, Request had invalid authentication credentials. Expected OAuth 2 access token, login cookie or other valid authentication credential. See https://developers.google.com/identity/sign-in/web/devconsole-project.
    at responseToError (C:\Users\kgeorgal\AppData\Roaming\npm\node_modules\firebase-tools\lib\responseToError.js:49:12)
    at RetryOperation._fn (C:\Users\kgeorgal\AppData\Roaming\npm\node_modules\firebase-tools\lib\apiv2.js:285:77)
    at processTicksAndRejections (node:internal/process/task_queues:96:5)
[error] 
[error] Error: Failed to get Firebase project k2-s-lab. Please make sure the project exists and your account has permission to access it.
